    1  passwd
    2  ls
    3  ls 
    4  cd Downloads
    5  wget www.github.com
    6  ls
    7  vim index.html
    8  ls
    9  wget https://github.com/Shazbot/WH3-Dump/blob/main/db/main_units_tables/data__.tsv
   10  ls
   11  vi data__.tsv
   12  cd Documents
   13  cd admin/Documents
   14  exit
   15  git --version
   16  ls
   17  wget www.github.com
   18  ls
   19  git init
   20  touch index.html
   21  ls
   22  cd /mnt/scratch/SP24_CS131_Jyotika/briansp24
   23  touch index.html
   24  git status
   25  git add index.html.1
   26  git status
   27  git commit -m "test message"
   28  git checkout -b Worksheet1
   29  git branch
   30  git branch Worksheet1
   31  git branch
   32  git remote add origin https://github.com/TheNinjaDepart/cs131.git
   33  git branch -M main
   34  git push -u origin main
   35  exit
   36  systemctl enable --now cockpit.socket
   37  exit
   38  ls
   39  rm data__.tsv
   40  ls
   41  rm index.html
   42  rm index.html.1
   43  ls
   44  ;s
   45  ls
   46  clear
   47  wget www.github.com
   48  git init
   49  git checkout -b Worksheet1
   50  git branch
   51  git branch -b
   52  git branch -l
   53  git branch --list
   54  git git branch master
   55  git branch master
   56  git rm
   57  rm -rf .git
   58  exit
   59  ls
   60  clear
   61  wget https://github.com/dwyl/english-words/blob/master/words.txt
   62  vi words.txt
   63  clear
   64  ls
   65  rm words.txt
   66  vi text.txt
   67  ls
   68  clear
   69  vi text.txt
   70  sort text.txt
   71  grep ist1 text.txt
   72  grep ist text.txt
   73  clear
   74  echo "hello"
   75  echo 'hello'
   76  echo 'Hello
   77  fdk
   78  exit
   79  escape
   80  >
   81  '
   82  clear
   83  echo" first line
   84  second line"
   85  clear
   86  $home
   87  $HOME
   88  clear
   89  echo $SHELL
   90  ckear
   91  clear
   92  a="test"
   93  echo $a
   94  printenv
   95  $printenv
   96  clear
   97  echo $a
   98  clear
   99  rm $a
  100  clear
  101  $printenv
  102  printenv
  103  clear
  104  echo $0
  105  clear
  106  echo $i
  107  echo $1
  108  clear
  109  wc -l text.txt
  110  vi text.txt
  111  a=bcd+1+4
  112  echo $a
  113  a=$(2+1)
  114  a=$((2+1))
  115  echo $a
  116  a="abc"
  117  b=${a}def
  118  echo $b
  119  clear
  120  date
  121  export DATETIME='date'
  122  OUTDIR=out.$DATETIME
  123  echo $OUTDIR
  124  export DATETIME='date "+%Y%m%d_%H%M%S"'
  125  echo $OUTDIR
  126  clear
  127  echo $?
  128  echo 'pwd'
  129  echo "pwd"
  130  clear
  131   clear
  132  rm words.txt
  133  clear
  134  vi .bashrc
  135  source .bashrc
  136  echo lll
  137  lll
  138  vi .bashrc
  139  exit
  140  ls
  141  rm index.html
  142  ls
  143  clear
  144  wget www.github.com
  145  clear
  146  git init
  147  rm -rf .git
  148  clear
  149  git init cs131
  150  mkdir Worksheet1
  151  history > cmds.log
  152  ls
  153  cd Worksheet1
  154  back
  155  cd ~
  156  rmdir Worksheet1
  157  ls
  158  clear
  159  cd cs131
  160  ls
  161  mkdir Worksheet1
  162  cd Worksheet1
  163  cd cs131
  164  cd ~
  165  ls
  166  cd cs131
  167  ls
  168  cd Worksheet1
  169  git add cmds.log
  170  history > cmds.log
